<?xml version="1.0" encoding="UTF-8"?>
<!-- Generated by org.testng.reporters.JUnitReportReporter -->
<testsuite hostname="LAPTOP-D2NT29JK" failures="0" tests="1" name="academy.ValidateNavigationBar" time="0.130" errors="0" timestamp="2021-09-12T19:30:25 IST" skipped="0">
  <testcase classname="academy.ValidateNavigationBar" name="basePageNavigation" time="0.130"/>
  <system-out/>
</testsuite> <!-- academy.ValidateNavigationBar -->
