<?xml version="1.0" encoding="UTF-8"?>
<!-- Generated by org.testng.reporters.JUnitReportReporter -->
<testsuite hostname="LAPTOP-D2NT29JK" failures="0" tests="2" name="academy.HomePage" time="3.839" errors="0" timestamp="2021-09-14T00:15:39 IST" skipped="0">
  <testcase classname="academy.HomePage" name="basePageNavigation" time="2.444"/>
  <system-out/>
  <testcase classname="academy.HomePage" name="basePageNavigation" time="1.395"/>
  <system-out/>
</testsuite> <!-- academy.HomePage -->
