<?xml version="1.0" encoding="UTF-8"?>
<!-- Generated by org.testng.reporters.JUnitReportReporter -->
<testsuite hostname="LAPTOP-D2NT29JK" failures="0" tests="1" name="academy.HomePage" time="7.021" errors="0" timestamp="2021-09-12T12:55:46 IST" skipped="0">
  <testcase classname="academy.HomePage" name="basePageNavigation" time="7.021"/>
  <system-out/>
</testsuite> <!-- academy.HomePage -->
