<?xml version="1.0" encoding="UTF-8"?>
<!-- Generated by org.testng.reporters.JUnitReportReporter -->
<testsuite hostname="LAPTOP-D2NT29JK" failures="0" tests="1" name="academy.HomePage" time="1.988" errors="0" timestamp="2021-09-11T00:03:10 IST" skipped="0">
  <testcase classname="academy.HomePage" name="basePageNavigation" time="1.988"/>
  <system-out/>
</testsuite> <!-- academy.HomePage -->
