<?xml version="1.0" encoding="UTF-8"?>
<!-- Generated by org.testng.reporters.JUnitReportReporter -->
<testsuite hostname="LAPTOP-D2NT29JK" failures="0" tests="1" name="academy.ValidateTitle" time="0.060" errors="0" timestamp="2021-09-12T19:30:25 IST" skipped="0">
  <testcase classname="academy.ValidateTitle" name="basePageNavigation" time="0.060"/>
  <system-out/>
</testsuite> <!-- academy.ValidateTitle -->
